2025-09-18 16:22:56 [main] INFO  Log - Starting Webdriver....
2025-09-18 16:23:01 [main] INFO  Log - 
2025-09-18 16:23:02 [main] INFO  Log - Starting login tests...
2025-09-18 16:23:02 [main] INFO  Log - Adding credentials....
2025-09-18 16:23:02 [main] INFO  Log - Clicking login button.
2025-09-18 16:23:05 [main] INFO  Log - Verifying page title
2025-09-18 16:23:05 [main] INFO  Log - Closing Browser....
2025-09-22 10:00:49 [main] INFO  Log - Starting Webdriver....
2025-09-22 10:00:51 [main] INFO  Log - 
2025-09-22 10:00:54 [main] INFO  Log - Starting login tests...
2025-09-22 10:00:54 [main] INFO  Log - Adding credentials....
2025-09-22 10:00:54 [main] INFO  Log - Clicking login button.
2025-09-22 10:00:59 [main] INFO  Log - Verifying page title
2025-09-22 10:00:59 [main] INFO  Log - Closing Browser....
2025-09-22 10:22:04 [main] INFO  Log - Starting Webdriver....
2025-09-22 10:22:05 [main] INFO  Log - 
2025-09-22 10:22:06 [main] INFO  Log - Starting login tests...
2025-09-22 10:22:06 [main] INFO  Log - Adding credentials....
2025-09-22 10:22:06 [main] INFO  Log - Clicking login button.
2025-09-22 10:22:06 [main] INFO  Log - Verifying page title
2025-09-22 10:22:09 [main] INFO  Log - Closing Browser....
2025-09-22 10:29:34 [main] INFO  Log - Starting Webdriver....
2025-09-22 10:29:36 [main] INFO  Log - 
2025-09-22 10:29:36 [main] INFO  Log - Starting login tests...
2025-09-22 10:29:36 [main] INFO  Log - Adding credentials....
2025-09-22 10:29:37 [main] INFO  Log - Clicking login button.
2025-09-22 10:29:38 [main] INFO  Log - Verifying page title
2025-09-22 10:29:38 [main] INFO  Log - Closing Browser....
2025-09-22 10:47:26 [main] INFO  Log - Starting Webdriver....
2025-09-22 10:47:28 [main] INFO  Log - 
2025-09-22 10:47:29 [main] INFO  Log - Starting login test...
2025-09-22 10:47:29 [main] INFO  Log - Adding credentials
2025-09-22 10:47:29 [main] INFO  Log - Clicking login button.
2025-09-22 10:47:41 [main] INFO  Log - Verifying page title
2025-09-22 10:47:41 [main] INFO  Log - Closing Browser....
2025-09-22 10:49:45 [main] INFO  Log - Starting Webdriver....
2025-09-22 10:49:47 [main] INFO  Log - 
2025-09-22 10:49:47 [main] INFO  Log - Starting login test...
2025-09-22 10:49:47 [main] INFO  Log - Adding credentials
2025-09-22 10:49:48 [main] INFO  Log - Clicking login button.
2025-09-22 10:49:54 [main] INFO  Log - Verifying page title
2025-09-22 10:49:54 [main] INFO  Log - Closing Browser....
2025-09-22 10:52:53 [main] INFO  Log - Starting Webdriver....
2025-09-22 10:52:54 [main] INFO  Log - 
2025-09-22 10:52:54 [main] INFO  Log - Starting login test...
2025-09-22 10:52:54 [main] INFO  Log - Adding credentials
2025-09-22 10:52:55 [main] INFO  Log - Clicking login button.
2025-09-22 10:52:55 [main] INFO  Log - Verifying page title
2025-09-22 10:52:57 [main] INFO  Log - Closing Browser....
2025-09-22 10:53:55 [main] INFO  Log - Starting Webdriver....
2025-09-22 10:53:56 [main] INFO  Log - 
2025-09-22 10:53:57 [main] INFO  Log - Starting login test...
2025-09-22 10:53:57 [main] INFO  Log - Adding credentials
2025-09-22 10:53:57 [main] INFO  Log - Clicking login button.
2025-09-22 10:53:59 [main] INFO  Log - Verifying page title
2025-09-22 10:53:59 [main] INFO  Log - Closing Browser....
2025-09-22 11:20:12 [main] INFO  Log - Starting Webdriver....
2025-09-22 11:20:14 [main] INFO  Log - 
2025-09-22 11:20:14 [main] INFO  Log - Starting login test...
2025-09-22 11:20:15 [main] INFO  Log - Adding credentials
2025-09-22 11:20:15 [main] INFO  Log - Clicking login button.
2025-09-22 11:20:16 [main] INFO  Log - Verifying page title
2025-09-22 11:20:17 [main] INFO  Log - Closing Browser....
2025-09-22 11:22:16 [main] INFO  Log - Starting Webdriver....
2025-09-22 11:22:17 [main] INFO  Log - 
2025-09-22 11:22:18 [main] INFO  Log - Starting login test...
2025-09-22 11:22:18 [main] INFO  Log - Adding credentials
2025-09-22 11:22:18 [main] INFO  Log - Clicking login button.
2025-09-22 11:22:22 [main] INFO  Log - Verifying page title
2025-09-22 11:22:22 [main] INFO  Log - Closing Browser....
2025-09-22 14:19:01 [main] INFO  Log - Starting Webdriver....
2025-09-22 14:19:03 [main] INFO  Log - 
2025-09-22 14:19:04 [main] INFO  Log - Starting login test...
2025-09-22 14:19:04 [main] INFO  Log - Adding credentials
2025-09-22 14:19:05 [main] INFO  Log - Clicking login button.
2025-09-22 14:19:08 [main] INFO  Log - Verifying page title
2025-09-22 14:19:08 [main] INFO  Log - Closing Browser....
2025-09-22 14:23:40 [main] INFO  Log - Starting Webdriver....
2025-09-22 14:23:41 [main] INFO  Log - 
2025-09-22 14:23:42 [main] INFO  Log - Starting login test...
2025-09-22 14:23:42 [main] INFO  Log - Adding credentials
2025-09-22 14:23:42 [main] INFO  Log - Clicking login button.
2025-09-22 14:23:45 [main] INFO  Log - Verifying page title
2025-09-22 14:23:45 [main] INFO  Log - Closing Browser....
2025-09-22 14:25:38 [main] INFO  Log - Starting Webdriver....
2025-09-22 14:25:39 [main] INFO  Log - 
2025-09-22 14:25:40 [main] INFO  Log - Starting login test...
2025-09-22 14:25:40 [main] INFO  Log - Adding credentials
2025-09-22 14:25:41 [main] INFO  Log - Clicking login button.
2025-09-22 14:25:41 [main] INFO  Log - Verifying page title
2025-09-22 14:25:42 [main] INFO  Log - Closing Browser....
2025-09-22 14:26:25 [main] INFO  Log - Starting Webdriver....
2025-09-22 14:26:26 [main] INFO  Log - 
2025-09-22 14:26:27 [main] INFO  Log - Starting login test...
2025-09-22 14:26:27 [main] INFO  Log - Adding credentials
2025-09-22 14:26:27 [main] INFO  Log - Clicking login button.
2025-09-22 14:26:31 [main] INFO  Log - Verifying page title
2025-09-22 14:26:31 [main] INFO  Log - Closing Browser....
2025-09-22 14:31:09 [main] INFO  Log - Starting Webdriver....
2025-09-22 14:31:11 [main] INFO  Log - 
2025-09-22 14:31:13 [main] INFO  Log - Starting login test...
2025-09-22 14:31:13 [main] INFO  Log - Adding credentials
2025-09-22 14:31:13 [main] INFO  Log - Clicking login button.
2025-09-22 14:31:14 [main] INFO  Log - Verifying page title
2025-09-22 14:31:14 [main] INFO  Log - Closing Browser....
2025-09-22 14:32:32 [main] INFO  Log - Starting Webdriver....
2025-09-22 14:32:33 [main] INFO  Log - 
2025-09-22 14:32:34 [main] INFO  Log - Starting login test...
2025-09-22 14:32:34 [main] INFO  Log - Adding credentials
2025-09-22 14:32:34 [main] INFO  Log - Clicking login button.
2025-09-22 14:32:35 [main] INFO  Log - Verifying page title
2025-09-22 14:32:35 [main] INFO  Log - Closing Browser....
2025-09-22 14:37:34 [main] INFO  Log - Starting Webdriver....
2025-09-22 14:37:35 [main] INFO  Log - 
2025-09-22 14:37:36 [main] INFO  Log - Starting login test...
2025-09-22 14:37:36 [main] INFO  Log - Adding credentials
2025-09-22 14:37:37 [main] INFO  Log - Clicking login button.
2025-09-22 14:37:37 [main] INFO  Log - Verifying page title
2025-09-22 14:37:37 [main] INFO  Log - Closing Browser....
2025-09-22 14:37:51 [main] INFO  Log - Starting Webdriver....
2025-09-22 14:37:52 [main] INFO  Log - 
2025-09-22 14:37:53 [main] INFO  Log - Starting login test...
2025-09-22 14:37:53 [main] INFO  Log - Adding credentials
2025-09-22 14:37:53 [main] INFO  Log - Clicking login button.
2025-09-22 14:37:56 [main] INFO  Log - Verifying page title
2025-09-22 14:37:56 [main] INFO  Log - Closing Browser....
2025-09-22 14:40:52 [main] INFO  Log - Starting Webdriver....
2025-09-22 14:40:54 [main] INFO  Log - 
2025-09-22 14:40:55 [main] INFO  Log - Starting login test...
2025-09-22 14:40:55 [main] INFO  Log - Adding credentials
2025-09-22 14:40:55 [main] INFO  Log - Clicking login button.
2025-09-22 14:40:58 [main] INFO  Log - Verifying page title
2025-09-22 14:40:58 [main] INFO  Log - Closing Browser....
2025-09-22 14:41:48 [main] INFO  Log - Starting Webdriver....
2025-09-22 14:41:49 [main] INFO  Log - 
2025-09-22 14:41:50 [main] INFO  Log - Starting login test...
2025-09-22 14:41:50 [main] INFO  Log - Adding credentials
2025-09-22 14:41:50 [main] INFO  Log - Clicking login button.
2025-09-22 14:41:53 [main] INFO  Log - Verifying page title
2025-09-22 14:41:53 [main] INFO  Log - Closing Browser....
2025-09-22 14:42:54 [main] INFO  Log - Starting Webdriver....
2025-09-22 14:42:55 [main] INFO  Log - 
2025-09-22 14:42:56 [main] INFO  Log - Starting login test...
2025-09-22 14:42:56 [main] INFO  Log - Adding credentials
2025-09-22 14:42:57 [main] INFO  Log - Clicking login button.
2025-09-22 14:42:57 [main] INFO  Log - Verifying page title
2025-09-22 14:42:57 [main] INFO  Log - Closing Browser....
2025-09-23 11:29:42 [main] INFO  Log - Starting Webdriver....
2025-09-23 11:29:45 [main] INFO  Log - 
2025-09-23 11:29:46 [main] INFO  Log - Starting login test...
2025-09-23 11:29:46 [main] INFO  Log - Adding credentials
2025-09-23 11:29:46 [main] INFO  Log - Clicking login button.
2025-09-23 11:29:47 [main] INFO  Log - Verifying page title
2025-09-23 11:29:47 [main] INFO  Log - Closing Browser....
2025-09-23 11:33:37 [main] INFO  Log - Starting Webdriver....
2025-09-23 11:33:38 [main] INFO  Log - 
2025-09-23 11:33:39 [main] INFO  Log - Starting login test...
2025-09-23 11:33:39 [main] INFO  Log - Adding credentials
2025-09-23 11:33:39 [main] INFO  Log - Clicking login button.
2025-09-23 11:33:42 [main] INFO  Log - Verifying page title
2025-09-23 11:33:42 [main] INFO  Log - Closing Browser....
2025-09-23 12:18:36 [main] INFO  Log - Starting Webdriver....
2025-09-23 12:18:37 [main] INFO  Log - 
2025-09-23 12:18:38 [main] INFO  Log - Starting login test...
2025-09-23 12:18:38 [main] INFO  Log - Adding credentials
2025-09-23 12:18:40 [main] INFO  Log - Clicking login button.
2025-09-23 12:18:40 [main] INFO  Log - Verifying page title
2025-09-23 12:18:42 [main] INFO  Log - Closing Browser....
2025-09-23 12:19:07 [main] INFO  Log - Starting Webdriver....
2025-09-23 12:19:08 [main] INFO  Log - 
2025-09-23 12:19:09 [main] INFO  Log - Starting login test...
2025-09-23 12:19:09 [main] INFO  Log - Adding credentials
2025-09-23 12:19:09 [main] INFO  Log - Clicking login button.
2025-09-23 12:19:11 [main] INFO  Log - Verifying page title
2025-09-23 12:19:11 [main] INFO  Log - Closing Browser....
2025-09-23 18:15:21 [main] INFO  Log - Starting Webdriver....
2025-09-23 18:15:25 [main] INFO  Log - 
2025-09-23 18:15:28 [main] INFO  Log - Starting login test...
2025-09-23 18:15:28 [main] INFO  Log - Adding credentials
2025-09-23 18:15:29 [main] INFO  Log - Clicking login button.
2025-09-23 18:15:31 [main] INFO  Log - Verifying page title
2025-09-23 18:15:31 [main] INFO  Log - Closing Browser....
2025-09-24 17:29:06 [main] INFO  Log - Starting Webdriver....
2025-09-24 17:29:10 [main] INFO  Log - 
2025-09-24 17:29:12 [main] INFO  Log - Starting login test...
2025-09-24 17:29:13 [main] INFO  Log - Adding credentials
2025-09-24 17:29:13 [main] INFO  Log - Clicking login button.
2025-09-24 17:29:15 [main] INFO  Log - Verifying page title
2025-09-24 17:29:16 [main] INFO  Log - Closing Browser....
2025-09-24 17:34:23 [main] INFO  Log - Starting Webdriver....
2025-09-24 17:34:24 [main] INFO  Log - 
2025-09-24 17:34:24 [main] INFO  Log - Starting login test...
2025-09-24 17:34:24 [main] INFO  Log - Adding credentials
2025-09-24 17:34:25 [main] INFO  Log - Clicking login button.
2025-09-24 17:34:26 [main] INFO  Log - Verifying page title
2025-09-24 17:34:26 [main] INFO  Log - Closing Browser....
2025-09-24 17:35:12 [main] INFO  Log - Starting Webdriver....
2025-09-24 17:35:13 [main] INFO  Log - 
2025-09-24 17:35:14 [main] INFO  Log - Starting login test...
2025-09-24 17:35:14 [main] INFO  Log - Adding credentials
2025-09-24 17:35:14 [main] INFO  Log - Clicking login button.
2025-09-24 17:35:17 [main] INFO  Log - Verifying page title
2025-09-24 17:35:17 [main] INFO  Log - Closing Browser....
2025-09-24 17:36:31 [main] INFO  Log - Starting Webdriver....
2025-09-24 17:36:32 [main] INFO  Log - 
2025-09-24 17:36:32 [main] INFO  Log - Starting login test...
2025-09-24 17:36:32 [main] INFO  Log - Adding credentials
2025-09-24 17:36:33 [main] INFO  Log - Clicking login button.
2025-09-24 17:36:33 [main] INFO  Log - Verifying page title
2025-09-24 17:36:33 [main] INFO  Log - Closing Browser....
2025-09-24 17:37:17 [main] INFO  Log - Starting Webdriver....
2025-09-24 17:37:19 [main] INFO  Log - 
2025-09-24 17:37:19 [main] INFO  Log - Starting login test...
2025-09-24 17:37:19 [main] INFO  Log - Adding credentials
2025-09-24 17:37:20 [main] INFO  Log - Clicking login button.
2025-09-24 17:37:22 [main] INFO  Log - Verifying page title
2025-09-24 17:37:22 [main] INFO  Log - Closing Browser....
2025-09-25 15:30:13 [main] INFO  Log - Starting Webdriver....
2025-09-25 15:30:15 [main] INFO  Log - 
2025-09-25 15:30:16 [main] INFO  Log - Starting login test...
2025-09-25 15:30:16 [main] INFO  Log - Adding credentials
2025-09-25 15:30:17 [main] INFO  Log - Closing Browser....
2025-09-25 15:44:25 [main] INFO  Log - Starting Webdriver....
2025-09-25 15:44:26 [main] INFO  Log - 
2025-09-25 15:44:28 [main] INFO  Log - Starting login test...
2025-09-25 15:44:28 [main] INFO  Log - Adding credentials
2025-09-25 15:44:28 [main] INFO  Log - Clicking login button.
2025-09-25 15:44:28 [main] INFO  Log - Closing Browser....
2025-09-25 16:12:18 [main] INFO  Log - Starting Webdriver....
2025-09-25 16:12:20 [main] INFO  Log - 
2025-09-25 16:12:20 [main] INFO  Log - Starting login test...
2025-09-25 16:12:21 [main] INFO  Log - Adding credentials
2025-09-25 16:12:21 [main] INFO  Log - Clicking login button.
2025-09-25 16:12:21 [main] INFO  Log - Closing Browser....
2025-09-25 16:12:37 [main] INFO  Log - Starting Webdriver....
2025-09-25 16:12:38 [main] INFO  Log - 
2025-09-25 16:12:39 [main] INFO  Log - Starting login test...
2025-09-25 16:12:39 [main] INFO  Log - Adding credentials
2025-09-25 16:12:39 [main] INFO  Log - Clicking login button.
2025-09-25 16:12:40 [main] INFO  Log - Closing Browser....
2025-09-25 16:15:25 [main] INFO  Log - Starting Webdriver....
2025-09-25 16:15:26 [main] INFO  Log - 
2025-09-25 16:15:27 [main] INFO  Log - Starting login test...
2025-09-25 16:15:27 [main] INFO  Log - Adding credentials
2025-09-25 16:15:27 [main] INFO  Log - Clicking login button.
2025-09-25 16:15:27 [main] INFO  Log - Closing Browser....
2025-09-25 16:15:39 [main] INFO  Log - Starting Webdriver....
2025-09-25 16:15:40 [main] INFO  Log - 
2025-09-25 16:15:40 [main] INFO  Log - Starting login test...
2025-09-25 16:15:40 [main] INFO  Log - Adding credentials
2025-09-25 16:15:41 [main] INFO  Log - Clicking login button.
2025-09-25 16:15:41 [main] INFO  Log - Closing Browser....
2025-09-25 16:18:44 [main] INFO  Log - Starting Webdriver....
2025-09-25 16:18:46 [main] INFO  Log - 
2025-09-25 16:18:47 [main] INFO  Log - Starting login test...
2025-09-25 16:18:47 [main] INFO  Log - Adding credentials
2025-09-25 16:18:48 [main] INFO  Log - Clicking login button.
2025-09-25 16:18:50 [main] INFO  Log - Verifying page title
2025-09-25 16:18:50 [main] INFO  Log - Closing Browser....
2025-10-01 16:27:49 [main] INFO  Log - Starting Webdriver....
2025-10-01 16:27:52 [main] INFO  Log - 
2025-10-01 16:27:54 [main] INFO  Log - Starting login test...
2025-10-01 16:27:54 [main] INFO  Log - Adding credentials
2025-10-01 16:27:54 [main] INFO  Log - Clicking login button.
2025-10-01 16:27:58 [main] INFO  Log - Verifying page title
2025-10-01 16:27:58 [main] INFO  Log - Closing Browser....
2025-10-03 18:12:11 [main] INFO  Log - Starting Webdriver....
2025-10-03 18:12:13 [main] INFO  Log - 
2025-10-03 18:12:15 [main] INFO  Log - Starting login test...
2025-10-03 18:12:15 [main] INFO  Log - Adding credentials
2025-10-03 18:12:15 [main] INFO  Log - Clicking login button.
2025-10-03 18:12:16 [main] INFO  Log - Verifying page title
2025-10-03 18:12:16 [main] INFO  Log - Closing Browser....
2025-10-03 18:12:16 [main] INFO  Log - Starting Webdriver....
2025-10-03 18:12:17 [main] INFO  Log - 
2025-10-03 18:12:17 [main] INFO  Log - Starting login test...
2025-10-03 18:12:17 [main] INFO  Log - Adding credentials
2025-10-03 18:12:18 [main] INFO  Log - Clicking login button.
2025-10-03 18:12:18 [main] INFO  Log - Verifying page title
2025-10-03 18:12:18 [main] INFO  Log - Closing Browser....
2025-10-03 18:12:18 [main] INFO  Log - Starting Webdriver....
2025-10-03 18:12:19 [main] INFO  Log - 
2025-10-03 18:12:20 [main] INFO  Log - Starting login test...
2025-10-03 18:12:20 [main] INFO  Log - Adding credentials
2025-10-03 18:12:20 [main] INFO  Log - Clicking login button.
2025-10-03 18:12:23 [main] INFO  Log - Verifying page title
2025-10-03 18:12:23 [main] INFO  Log - Closing Browser....
2025-10-03 18:27:59 [main] INFO  Log - Starting Webdriver....
2025-10-03 18:28:00 [main] INFO  Log - 
2025-10-03 18:28:01 [main] INFO  Log - Starting login test...
2025-10-03 18:28:01 [main] INFO  Log - Adding credentials
2025-10-03 18:28:02 [main] INFO  Log - Clicking login button.
2025-10-03 18:28:02 [main] INFO  Log - Verifying page title
2025-10-03 18:28:02 [main] INFO  Log - Closing Browser....
2025-10-03 18:28:02 [main] INFO  Log - Starting Webdriver....
2025-10-03 18:28:03 [main] INFO  Log - 
2025-10-03 18:28:08 [main] INFO  Log - Starting login test...
2025-10-03 18:28:08 [main] INFO  Log - Adding credentials
2025-10-03 18:28:09 [main] INFO  Log - Clicking login button.
2025-10-03 18:28:09 [main] INFO  Log - Verifying page title
2025-10-03 18:28:09 [main] INFO  Log - Closing Browser....
2025-10-03 18:28:09 [main] INFO  Log - Starting Webdriver....
2025-10-03 18:28:10 [main] INFO  Log - 
2025-10-03 18:28:18 [main] INFO  Log - Starting login test...
2025-10-03 18:28:18 [main] INFO  Log - Adding credentials
2025-10-03 18:28:18 [main] INFO  Log - Clicking login button.
2025-10-03 18:28:21 [main] INFO  Log - Verifying page title
2025-10-03 18:28:21 [main] INFO  Log - Closing Browser....
2025-10-03 18:30:41 [main] INFO  Log - Starting Webdriver....
2025-10-03 18:30:42 [main] INFO  Log - 
2025-10-03 18:30:43 [main] INFO  Log - Starting login test...
2025-10-03 18:30:43 [main] INFO  Log - Adding credentials
2025-10-03 18:30:44 [main] INFO  Log - Clicking login button.
2025-10-03 18:30:44 [main] INFO  Log - Verifying page title
2025-10-03 18:30:44 [main] INFO  Log - Closing Browser....
2025-10-03 18:30:44 [main] INFO  Log - Starting Webdriver....
2025-10-03 18:30:45 [main] INFO  Log - 
2025-10-03 18:30:52 [main] INFO  Log - Starting login test...
2025-10-03 18:30:52 [main] INFO  Log - Adding credentials
2025-10-03 18:30:53 [main] INFO  Log - Clicking login button.
2025-10-03 18:30:53 [main] INFO  Log - Verifying page title
2025-10-03 18:30:53 [main] INFO  Log - Closing Browser....
2025-10-03 18:30:53 [main] INFO  Log - Starting Webdriver....
2025-10-03 18:30:54 [main] INFO  Log - 
2025-10-03 18:30:55 [main] INFO  Log - Starting login test...
2025-10-03 18:30:55 [main] INFO  Log - Adding credentials
2025-10-03 18:30:56 [main] INFO  Log - Clicking login button.
2025-10-03 18:31:00 [main] INFO  Log - Verifying page title
2025-10-03 18:31:00 [main] INFO  Log - Closing Browser....
2025-10-03 18:31:00 [main] INFO  Log - Starting Webdriver....
2025-10-03 18:31:01 [main] INFO  Log - 
2025-10-03 18:31:01 [main] INFO  Log - Starting login test...
2025-10-03 18:31:01 [main] INFO  Log - Adding credentials
2025-10-03 18:31:02 [main] INFO  Log - Clicking login button.
2025-10-03 18:31:02 [main] INFO  Log - Verifying page title
2025-10-03 18:31:03 [main] INFO  Log - Closing Browser....
2025-10-03 18:49:32 [main] INFO  Log - Starting Webdriver....
2025-10-03 18:49:34 [main] INFO  Log - 
2025-10-03 18:49:35 [main] INFO  Log - Starting login test...
2025-10-03 18:49:35 [main] INFO  Log - Adding credentials
2025-10-03 18:49:36 [main] INFO  Log - Clicking login button.
2025-10-03 18:49:36 [main] INFO  Log - Verifying page title
2025-10-03 18:49:37 [main] INFO  Log - Closing Browser....
2025-10-03 18:49:37 [main] INFO  Log - Starting Webdriver....
2025-10-03 18:49:38 [main] INFO  Log - 
2025-10-03 18:49:39 [main] INFO  Log - Starting login test...
2025-10-03 18:49:39 [main] INFO  Log - Adding credentials
2025-10-03 18:49:39 [main] INFO  Log - Clicking login button.
2025-10-03 18:49:40 [main] INFO  Log - Verifying page title
2025-10-03 18:49:40 [main] INFO  Log - Closing Browser....
2025-10-03 18:49:40 [main] INFO  Log - Starting Webdriver....
2025-10-03 18:49:41 [main] INFO  Log - 
2025-10-03 18:49:42 [main] INFO  Log - Starting login test...
2025-10-03 18:49:42 [main] INFO  Log - Adding credentials
2025-10-03 18:49:43 [main] INFO  Log - Clicking login button.
2025-10-03 18:49:43 [main] INFO  Log - Verifying page title
2025-10-03 18:49:43 [main] INFO  Log - Closing Browser....
2025-10-03 18:50:43 [main] INFO  Log - Starting Webdriver....
2025-10-03 18:50:44 [main] INFO  Log - 
2025-10-03 18:50:45 [main] INFO  Log - Starting login test...
2025-10-03 18:50:45 [main] INFO  Log - Adding credentials
2025-10-03 18:50:46 [main] INFO  Log - Clicking login button.
2025-10-03 18:50:46 [main] INFO  Log - Verifying page title
2025-10-03 18:50:46 [main] INFO  Log - Closing Browser....
2025-10-03 18:50:46 [main] INFO  Log - Starting Webdriver....
2025-10-03 18:50:47 [main] INFO  Log - 
2025-10-03 18:50:48 [main] INFO  Log - Starting login test...
2025-10-03 18:50:48 [main] INFO  Log - Adding credentials
2025-10-03 18:50:48 [main] INFO  Log - Clicking login button.
2025-10-03 18:50:48 [main] INFO  Log - Verifying page title
2025-10-03 18:50:48 [main] INFO  Log - Closing Browser....
2025-10-03 18:50:49 [main] INFO  Log - Starting Webdriver....
2025-10-03 18:50:49 [main] INFO  Log - 
2025-10-03 18:50:51 [main] INFO  Log - Starting login test...
2025-10-03 18:50:51 [main] INFO  Log - Adding credentials
2025-10-03 18:50:51 [main] INFO  Log - Clicking login button.
2025-10-03 18:50:52 [main] INFO  Log - Verifying page title
2025-10-03 18:50:52 [main] INFO  Log - Closing Browser....
2025-10-03 18:51:11 [main] INFO  Log - Starting Webdriver....
2025-10-03 18:51:13 [main] INFO  Log - 
2025-10-03 18:51:13 [main] INFO  Log - Starting login test...
2025-10-03 18:51:13 [main] INFO  Log - Adding credentials
2025-10-03 18:51:14 [main] INFO  Log - Clicking login button.
2025-10-03 18:51:14 [main] INFO  Log - Verifying page title
2025-10-03 18:51:14 [main] INFO  Log - Closing Browser....
2025-10-03 18:51:14 [main] INFO  Log - Starting Webdriver....
2025-10-03 18:51:15 [main] INFO  Log - 
2025-10-03 18:51:16 [main] INFO  Log - Starting login test...
2025-10-03 18:51:16 [main] INFO  Log - Adding credentials
2025-10-03 18:51:16 [main] INFO  Log - Clicking login button.
2025-10-03 18:51:17 [main] INFO  Log - Verifying page title
2025-10-03 18:51:17 [main] INFO  Log - Closing Browser....
2025-10-03 18:51:17 [main] INFO  Log - Starting Webdriver....
2025-10-03 18:51:18 [main] INFO  Log - 
2025-10-03 18:51:19 [main] INFO  Log - Starting login test...
2025-10-03 18:51:19 [main] INFO  Log - Adding credentials
2025-10-03 18:51:19 [main] INFO  Log - Clicking login button.
2025-10-03 18:51:19 [main] INFO  Log - Verifying page title
2025-10-03 18:51:19 [main] INFO  Log - Closing Browser....
2025-10-04 12:17:24 [main] INFO  Log - Starting Webdriver....
2025-10-04 12:17:30 [main] INFO  Log - 
2025-10-04 12:17:31 [main] INFO  Log - Starting login test...
2025-10-04 12:17:31 [main] INFO  Log - Adding credentials
2025-10-04 12:17:31 [main] INFO  Log - Clicking login button.
2025-10-04 12:17:32 [main] INFO  Log - Verifying page title
2025-10-04 12:17:32 [main] INFO  Log - Closing Browser....
2025-10-04 12:17:32 [main] INFO  Log - Starting Webdriver....
2025-10-04 12:17:33 [main] INFO  Log - 
2025-10-04 12:17:34 [main] INFO  Log - Starting login test...
2025-10-04 12:17:34 [main] INFO  Log - Adding credentials
2025-10-04 12:17:35 [main] INFO  Log - Clicking login button.
2025-10-04 12:17:35 [main] INFO  Log - Verifying page title
2025-10-04 12:17:35 [main] INFO  Log - Closing Browser....
2025-10-04 12:17:35 [main] INFO  Log - Starting Webdriver....
2025-10-04 12:17:37 [main] INFO  Log - 
2025-10-04 12:17:38 [main] INFO  Log - Starting login test...
2025-10-04 12:17:38 [main] INFO  Log - Adding credentials
2025-10-04 12:17:38 [main] INFO  Log - Clicking login button.
2025-10-04 12:17:39 [main] INFO  Log - Verifying page title
2025-10-04 12:17:39 [main] INFO  Log - Closing Browser....
2025-10-04 12:19:51 [main] INFO  Log - Starting Webdriver....
2025-10-04 12:19:53 [main] INFO  Log - 
2025-10-04 12:19:54 [main] INFO  Log - Starting login test...
2025-10-04 12:19:54 [main] INFO  Log - Adding credentials
2025-10-04 12:19:54 [main] INFO  Log - Clicking login button.
2025-10-04 12:19:55 [main] INFO  Log - Verifying page title
2025-10-04 12:19:55 [main] INFO  Log - Closing Browser....
2025-10-04 12:19:56 [main] INFO  Log - Starting Webdriver....
2025-10-04 12:19:57 [main] INFO  Log - 
2025-10-04 12:19:58 [main] INFO  Log - Starting login test...
2025-10-04 12:19:58 [main] INFO  Log - Adding credentials
2025-10-04 12:19:59 [main] INFO  Log - Clicking login button.
2025-10-04 12:19:59 [main] INFO  Log - Verifying page title
2025-10-04 12:19:59 [main] INFO  Log - Closing Browser....
2025-10-04 12:20:00 [main] INFO  Log - Starting Webdriver....
2025-10-04 12:20:01 [main] INFO  Log - 
2025-10-04 12:20:02 [main] INFO  Log - Starting login test...
2025-10-04 12:20:02 [main] INFO  Log - Adding credentials
2025-10-04 12:20:03 [main] INFO  Log - Clicking login button.
2025-10-04 12:20:03 [main] INFO  Log - Verifying page title
2025-10-04 12:20:03 [main] INFO  Log - Closing Browser....
2025-10-04 12:22:09 [main] INFO  Log - Starting Webdriver....
2025-10-04 12:22:11 [main] INFO  Log - 
2025-10-04 12:22:12 [main] INFO  Log - Starting login test...
2025-10-04 12:22:12 [main] INFO  Log - Adding credentials
2025-10-04 12:22:13 [main] INFO  Log - Clicking login button.
2025-10-04 12:22:13 [main] INFO  Log - Verifying page title
2025-10-04 12:22:13 [main] INFO  Log - Closing Browser....
2025-10-04 12:22:14 [main] INFO  Log - Starting Webdriver....
2025-10-04 12:22:15 [main] INFO  Log - 
2025-10-04 12:22:16 [main] INFO  Log - Starting login test...
2025-10-04 12:22:16 [main] INFO  Log - Adding credentials
2025-10-04 12:22:17 [main] INFO  Log - Clicking login button.
2025-10-04 12:22:17 [main] INFO  Log - Verifying page title
2025-10-04 12:22:17 [main] INFO  Log - Closing Browser....
2025-10-04 12:22:17 [main] INFO  Log - Starting Webdriver....
2025-10-04 12:22:18 [main] INFO  Log - 
2025-10-04 12:22:19 [main] INFO  Log - Starting login test...
2025-10-04 12:22:19 [main] INFO  Log - Adding credentials
2025-10-04 12:22:20 [main] INFO  Log - Clicking login button.
2025-10-04 12:22:22 [main] INFO  Log - Verifying page title
2025-10-04 12:22:23 [main] INFO  Log - Closing Browser....
